q1-a-150-short 2

Time taken to build model: 114.11 seconds
Time taken to test model on training split: 0.61 seconds

=== Error on training split ===

Correctly Classified Instances        2682               88.3108 %
Incorrectly Classified Instances       355               11.6892 %
Kappa statistic                          0.7447
Mean absolute error                      0.1289
Root mean squared error                  0.2881
Relative absolute error                 27.0003 %
Root relative squared error             58.9691 %
Total Number of Instances             3037     


=== Detailed Accuracy By Class ===

               TP Rate   FP Rate   Precision   Recall  F-Measure   ROC Area  Class
                 0.735     0.021      0.959     0.735     0.832      0.97     1
                 0.979     0.265      0.85      0.979     0.91       0.97     0
Weighted Avg.    0.883     0.169      0.893     0.883     0.88       0.97 


=== Confusion Matrix ===

    a    b   <-- classified as
  879  317 |    a = 1
   38 1803 |    b = 0


=== Error on test split ===

Correctly Classified Instances        1379               88.1714 %
Incorrectly Classified Instances       185               11.8286 %
Kappa statistic                          0.7417
Mean absolute error                      0.1331
Root mean squared error                  0.2952
Relative absolute error                 27.861  %
Root relative squared error             60.3998 %
Total Number of Instances             1564     


=== Detailed Accuracy By Class ===

               TP Rate   FP Rate   Precision   Recall  F-Measure   ROC Area  Class
                 0.731     0.02       0.96      0.731     0.83       0.967    1
                 0.98      0.269      0.848     0.98      0.909      0.967    0
Weighted Avg.    0.882     0.171      0.892     0.882     0.878      0.967


=== Confusion Matrix ===

   a   b   <-- classified as
 451 166 |   a = 1
  19 928 |   b = 0

