q1-a-01-short 2

Time taken to build model: 1.23 seconds
Time taken to test model on training split: 0.16 seconds

=== Error on training split ===

Correctly Classified Instances        2778               91.4718 %
Incorrectly Classified Instances       259                8.5282 %
Kappa statistic                          0.82  
Mean absolute error                      0.1545
Root mean squared error                  0.2683
Relative absolute error                 32.3582 %
Root relative squared error             54.9169 %
Total Number of Instances             3037     


=== Detailed Accuracy By Class ===

               TP Rate   FP Rate   Precision   Recall  F-Measure   ROC Area  Class
                 0.87      0.056      0.909     0.87      0.889      0.956    1
                 0.944     0.13       0.918     0.944     0.931      0.956    0
Weighted Avg.    0.915     0.101      0.915     0.915     0.914      0.956


=== Confusion Matrix ===

    a    b   <-- classified as
 1041  155 |    a = 1
  104 1737 |    b = 0


=== Error on test split ===

Correctly Classified Instances        1440               92.0716 %
Incorrectly Classified Instances       124                7.9284 %
Kappa statistic                          0.8322
Mean absolute error                      0.1502
Root mean squared error                  0.2588
Relative absolute error                 31.4555 %
Root relative squared error             52.9438 %
Total Number of Instances             1564     


=== Detailed Accuracy By Class ===

               TP Rate   FP Rate   Precision   Recall  F-Measure   ROC Area  Class
                 0.869     0.045      0.926     0.869     0.896      0.961    1
                 0.955     0.131      0.918     0.955     0.936      0.961    0
Weighted Avg.    0.921     0.097      0.921     0.921     0.92       0.961


=== Confusion Matrix ===

   a   b   <-- classified as
 536  81 |   a = 1
  43 904 |   b = 0

