q1-a-01-short 3

Time taken to build model: 1.23 seconds
Time taken to test model on training split: 0.16 seconds

=== Error on training split ===

Correctly Classified Instances        2782               91.6036 %
Incorrectly Classified Instances       255                8.3964 %
Kappa statistic                          0.8227
Mean absolute error                      0.1539
Root mean squared error                  0.2685
Relative absolute error                 32.2265 %
Root relative squared error             54.958  %
Total Number of Instances             3037     


=== Detailed Accuracy By Class ===

               TP Rate   FP Rate   Precision   Recall  F-Measure   ROC Area  Class
                 0.87      0.054      0.912     0.87      0.891      0.955    1
                 0.946     0.13       0.918     0.946     0.932      0.955    0
Weighted Avg.    0.916     0.1        0.916     0.916     0.916      0.955


=== Confusion Matrix ===

    a    b   <-- classified as
 1041  155 |    a = 1
  100 1741 |    b = 0


=== Error on test split ===

Correctly Classified Instances        1432               91.5601 %
Incorrectly Classified Instances       132                8.4399 %
Kappa statistic                          0.821 
Mean absolute error                      0.1539
Root mean squared error                  0.266 
Relative absolute error                 32.2189 %
Root relative squared error             54.4317 %
Total Number of Instances             1564     


=== Detailed Accuracy By Class ===

               TP Rate   FP Rate   Precision   Recall  F-Measure   ROC Area  Class
                 0.856     0.045      0.925     0.856     0.889      0.959    1
                 0.955     0.144      0.91      0.955     0.932      0.959    0
Weighted Avg.    0.916     0.105      0.916     0.916     0.915      0.959


=== Confusion Matrix ===

   a   b   <-- classified as
 528  89 |   a = 1
  43 904 |   b = 0

