q1-a-01-short 1

Time taken to build model: 1.24 seconds
Time taken to test model on training split: 0.16 seconds

=== Error on training split ===

Correctly Classified Instances        2771               91.2414 %
Incorrectly Classified Instances       266                8.7586 %
Kappa statistic                          0.8185
Mean absolute error                      0.1647
Root mean squared error                  0.2719
Relative absolute error                 34.4876 %
Root relative squared error             55.6503 %
Total Number of Instances             3037     


=== Detailed Accuracy By Class ===

               TP Rate   FP Rate   Precision   Recall  F-Measure   ROC Area  Class
                 0.919     0.092      0.867     0.919     0.892      0.956    1
                 0.908     0.081      0.945     0.908     0.926      0.956    0
Weighted Avg.    0.912     0.085      0.914     0.912     0.913      0.956


=== Confusion Matrix ===

    a    b   <-- classified as
 1099   97 |    a = 1
  169 1672 |    b = 0


=== Error on test split ===

Correctly Classified Instances        1420               90.7928 %
Incorrectly Classified Instances       144                9.2072 %
Kappa statistic                          0.8097
Mean absolute error                      0.1645
Root mean squared error                  0.2701
Relative absolute error                 34.4504 %
Root relative squared error             55.268  %
Total Number of Instances             1564     


=== Detailed Accuracy By Class ===

               TP Rate   FP Rate   Precision   Recall  F-Measure   ROC Area  Class
                 0.921     0.1        0.857     0.921     0.888      0.96     1
                 0.9       0.079      0.946     0.9       0.922      0.96     0
Weighted Avg.    0.908     0.088      0.911     0.908     0.908      0.96 


=== Confusion Matrix ===

   a   b   <-- classified as
 568  49 |   a = 1
  95 852 |   b = 0

