q1-a-05 2

Time taken to build model: 69 seconds
Time taken to test model on training split: 0.32 seconds

=== Error on training split ===

Correctly Classified Instances        2847               93.7438 %
Incorrectly Classified Instances       190                6.2562 %
Kappa statistic                          0.8687
Mean absolute error                      0.0859
Root mean squared error                  0.228 
Relative absolute error                 17.9938 %
Root relative squared error             46.6693 %
Total Number of Instances             3037     


=== Detailed Accuracy By Class ===

               TP Rate   FP Rate   Precision   Recall  F-Measure   ROC Area  Class
                 0.914     0.047      0.926     0.914     0.92       0.974    1
                 0.953     0.086      0.945     0.953     0.949      0.974    0
Weighted Avg.    0.937     0.071      0.937     0.937     0.937      0.974


=== Confusion Matrix ===

    a    b   <-- classified as
 1093  103 |    a = 1
   87 1754 |    b = 0


=== Error on test split ===

Correctly Classified Instances        1455               93.0307 %
Incorrectly Classified Instances       109                6.9693 %
Kappa statistic                          0.8531
Mean absolute error                      0.0935
Root mean squared error                  0.2439
Relative absolute error                 19.5734 %
Root relative squared error             49.9022 %
Total Number of Instances             1564     


=== Detailed Accuracy By Class ===

               TP Rate   FP Rate   Precision   Recall  F-Measure   ROC Area  Class
                 0.891     0.044      0.929     0.891     0.91       0.969    1
                 0.956     0.109      0.931     0.956     0.943      0.969    0
Weighted Avg.    0.93      0.083      0.93      0.93      0.93       0.969


=== Confusion Matrix ===

   a   b   <-- classified as
 550  67 |   a = 1
  42 905 |   b = 0

