q1-a-60 3

Time taken to build model: 433.32 seconds
Time taken to test model on training split: 0.21 seconds

=== Error on training split ===

Correctly Classified Instances        2829               93.1511 %
Incorrectly Classified Instances       208                6.8489 %
Kappa statistic                          0.8571
Mean absolute error                      0.089 
Root mean squared error                  0.2445
Relative absolute error                 18.6359 %
Root relative squared error             50.0425 %
Total Number of Instances             3037     


=== Detailed Accuracy By Class ===

               TP Rate   FP Rate   Precision   Recall  F-Measure   ROC Area  Class
                 0.924     0.064      0.904     0.924     0.914      0.968    1
                 0.936     0.076      0.95      0.936     0.943      0.968    0
Weighted Avg.    0.932     0.071      0.932     0.932     0.932      0.968


=== Confusion Matrix ===

    a    b   <-- classified as
 1105   91 |    a = 1
  117 1724 |    b = 0


=== Error on test split ===

Correctly Classified Instances        1436               91.8159 %
Incorrectly Classified Instances       128                8.1841 %
Kappa statistic                          0.8297
Mean absolute error                      0.0959
Root mean squared error                  0.2574
Relative absolute error                 20.071  %
Root relative squared error             52.6587 %
Total Number of Instances             1564     


=== Detailed Accuracy By Class ===

               TP Rate   FP Rate   Precision   Recall  F-Measure   ROC Area  Class
                 0.914     0.079      0.883     0.914     0.898      0.964    1
                 0.921     0.086      0.943     0.921     0.932      0.964    0
Weighted Avg.    0.918     0.083      0.919     0.918     0.918      0.964


=== Confusion Matrix ===

   a   b   <-- classified as
 564  53 |   a = 1
  75 872 |   b = 0

