q1-a-150 1

Time taken to build model: 936.81 seconds
Time taken to test model on training split: 0.37 seconds

=== Error on training split ===

Correctly Classified Instances        2731               89.9243 %
Incorrectly Classified Instances       306               10.0757 %
Kappa statistic                          0.7943
Mean absolute error                      0.1035
Root mean squared error                  0.2997
Relative absolute error                 21.6842 %
Root relative squared error             61.3485 %
Total Number of Instances             3037     


=== Detailed Accuracy By Class ===

               TP Rate   FP Rate   Precision   Recall  F-Measure   ROC Area  Class
                 0.946     0.131      0.824     0.946     0.881      0.97     1
                 0.869     0.054      0.962     0.869     0.913      0.97     0
Weighted Avg.    0.899     0.084      0.907     0.899     0.9        0.97 


=== Confusion Matrix ===

    a    b   <-- classified as
 1132   64 |    a = 1
  242 1599 |    b = 0


=== Error on test split ===

Correctly Classified Instances        1402               89.6419 %
Incorrectly Classified Instances       162               10.3581 %
Kappa statistic                          0.7898
Mean absolute error                      0.1085
Root mean squared error                  0.3072
Relative absolute error                 22.712  %
Root relative squared error             62.852  %
Total Number of Instances             1564     


=== Detailed Accuracy By Class ===

               TP Rate   FP Rate   Precision   Recall  F-Measure   ROC Area  Class
                 0.959     0.145      0.812     0.959     0.88       0.969    1
                 0.855     0.041      0.97      0.855     0.909      0.969    0
Weighted Avg.    0.896     0.082      0.908     0.896     0.897      0.969


=== Confusion Matrix ===

   a   b   <-- classified as
 592  25 |   a = 1
 137 810 |   b = 0

