q1-a-60-short 1

Time taken to build model: 24.59 seconds
Time taken to test model on training split: 0.25 seconds

=== Error on training split ===

Correctly Classified Instances        2797               92.0975 %
Incorrectly Classified Instances       240                7.9025 %
Kappa statistic                          0.8325
Mean absolute error                      0.1119
Root mean squared error                  0.2439
Relative absolute error                 23.4447 %
Root relative squared error             49.9223 %
Total Number of Instances             3037     


=== Detailed Accuracy By Class ===

               TP Rate   FP Rate   Precision   Recall  F-Measure   ROC Area  Class
                 0.866     0.043      0.928     0.866     0.896      0.969    1
                 0.957     0.134      0.917     0.957     0.936      0.969    0
Weighted Avg.    0.921     0.098      0.921     0.921     0.92       0.969


=== Confusion Matrix ===

    a    b   <-- classified as
 1036  160 |    a = 1
   80 1761 |    b = 0


=== Error on test split ===

Correctly Classified Instances        1444               92.3274 %
Incorrectly Classified Instances       120                7.6726 %
Kappa statistic                          0.8371
Mean absolute error                      0.1167
Root mean squared error                  0.2485
Relative absolute error                 24.4384 %
Root relative squared error             50.8449 %
Total Number of Instances             1564     


=== Detailed Accuracy By Class ===

               TP Rate   FP Rate   Precision   Recall  F-Measure   ROC Area  Class
                 0.862     0.037      0.938     0.862     0.899      0.965    1
                 0.963     0.138      0.915     0.963     0.938      0.965    0
Weighted Avg.    0.923     0.098      0.924     0.923     0.923      0.965


=== Confusion Matrix ===

   a   b   <-- classified as
 532  85 |   a = 1
  35 912 |   b = 0

