q1-a-10-short 1

Time taken to build model: 4.97 seconds
Time taken to test model on training split: 0.2 seconds

=== Error on training split ===

Correctly Classified Instances        2834               93.3158 %
Incorrectly Classified Instances       203                6.6842 %
Kappa statistic                          0.859 
Mean absolute error                      0.1119
Root mean squared error                  0.2346
Relative absolute error                 23.4431 %
Root relative squared error             48.0175 %
Total Number of Instances             3037     


=== Detailed Accuracy By Class ===

               TP Rate   FP Rate   Precision   Recall  F-Measure   ROC Area  Class
                 0.895     0.042      0.932     0.895     0.913      0.971    1
                 0.958     0.105      0.934     0.958     0.946      0.971    0
Weighted Avg.    0.933     0.08       0.933     0.933     0.933      0.971


=== Confusion Matrix ===

    a    b   <-- classified as
 1071  125 |    a = 1
   78 1763 |    b = 0


=== Error on test split ===

Correctly Classified Instances        1462               93.4783 %
Incorrectly Classified Instances       102                6.5217 %
Kappa statistic                          0.8626
Mean absolute error                      0.1132
Root mean squared error                  0.234 
Relative absolute error                 23.6968 %
Root relative squared error             47.8795 %
Total Number of Instances             1564     


=== Detailed Accuracy By Class ===

               TP Rate   FP Rate   Precision   Recall  F-Measure   ROC Area  Class
                 0.9       0.042      0.933     0.9       0.916      0.97     1
                 0.958     0.1        0.936     0.958     0.947      0.97     0
Weighted Avg.    0.935     0.078      0.935     0.935     0.935      0.97 


=== Confusion Matrix ===

   a   b   <-- classified as
 555  62 |   a = 1
  40 907 |   b = 0

