q1-a-150 2

Time taken to build model: 1796.95 seconds
Time taken to test model on training split: 0.56 seconds

=== Error on training split ===

Correctly Classified Instances        2674               88.0474 %
Incorrectly Classified Instances       363               11.9526 %
Kappa statistic                          0.7393
Mean absolute error                      0.1189
Root mean squared error                  0.3358
Relative absolute error                 24.8985 %
Root relative squared error             68.733  %
Total Number of Instances             3037     


=== Detailed Accuracy By Class ===

               TP Rate   FP Rate   Precision   Recall  F-Measure   ROC Area  Class
                 0.735     0.025      0.95      0.735     0.829      0.969    1
                 0.975     0.265      0.85      0.975     0.908      0.969    0
Weighted Avg.    0.88      0.171      0.889     0.88      0.877      0.969


=== Confusion Matrix ===

    a    b   <-- classified as
  879  317 |    a = 1
   46 1795 |    b = 0


=== Error on test split ===

Correctly Classified Instances        1361               87.0205 %
Incorrectly Classified Instances       203               12.9795 %
Kappa statistic                          0.7157
Mean absolute error                      0.1306
Root mean squared error                  0.3515
Relative absolute error                 27.3511 %
Root relative squared error             71.9156 %
Total Number of Instances             1564     


=== Detailed Accuracy By Class ===

               TP Rate   FP Rate   Precision   Recall  F-Measure   ROC Area  Class
                 0.708     0.024      0.95      0.708     0.812      0.968    1
                 0.976     0.292      0.837     0.976     0.901      0.968    0
Weighted Avg.    0.87      0.186      0.882     0.87      0.866      0.968


=== Confusion Matrix ===

   a   b   <-- classified as
 437 180 |   a = 1
  23 924 |   b = 0

