q1-a-00-short 3

Time taken to build model: 1.4 seconds
Time taken to test model on training split: 0.17 seconds

=== Error on training split ===

Correctly Classified Instances        2793               91.9658 %
Incorrectly Classified Instances       244                8.0342 %
Kappa statistic                          0.8303
Mean absolute error                      0.0989
Root mean squared error                  0.2565
Relative absolute error                 20.722  %
Root relative squared error             52.5064 %
Total Number of Instances             3037     


=== Detailed Accuracy By Class ===

               TP Rate   FP Rate   Precision   Recall  F-Measure   ROC Area  Class
                 0.874     0.051      0.918     0.874     0.895      0.961    1
                 0.949     0.126      0.92      0.949     0.935      0.961    0
Weighted Avg.    0.92      0.096      0.92      0.92      0.919      0.961


=== Confusion Matrix ===

    a    b   <-- classified as
 1045  151 |    a = 1
   93 1748 |    b = 0


=== Error on test split ===

Correctly Classified Instances        1444               92.3274 %
Incorrectly Classified Instances       120                7.6726 %
Kappa statistic                          0.8379
Mean absolute error                      0.0976
Root mean squared error                  0.2488
Relative absolute error                 20.4266 %
Root relative squared error             50.9007 %
Total Number of Instances             1564     


=== Detailed Accuracy By Class ===

               TP Rate   FP Rate   Precision   Recall  F-Measure   ROC Area  Class
                 0.877     0.046      0.925     0.877     0.9        0.964    1
                 0.954     0.123      0.922     0.954     0.938      0.964    0
Weighted Avg.    0.923     0.093      0.923     0.923     0.923      0.964


=== Confusion Matrix ===

   a   b   <-- classified as
 541  76 |   a = 1
  44 903 |   b = 0

