q1-b-c 2

Time taken to build model: 8.79 seconds
Time taken to test model on training data: 0.3 seconds

=== Error on training data ===

Correctly Classified Instances        4285               93.1319 %
Incorrectly Classified Instances       316                6.8681 %
Kappa statistic                          0.8568
Mean absolute error                      0.0803
Root mean squared error                  0.2412
Relative absolute error                 16.8128 %
Root relative squared error             49.3623 %
Total Number of Instances             4601     


=== Detailed Accuracy By Class ===

               TP Rate   FP Rate   Precision   Recall  F-Measure   ROC Area  Class
                 0.926     0.065      0.902     0.926     0.914      0.967    1
                 0.935     0.074      0.951     0.935     0.943      0.967    0
Weighted Avg.    0.931     0.071      0.932     0.931     0.931      0.967


=== Confusion Matrix ===

    a    b   <-- classified as
 1679  134 |    a = 1
  182 2606 |    b = 0



=== Stratified cross-validation ===

Correctly Classified Instances        4261               92.6103 %
Incorrectly Classified Instances       340                7.3897 %
Kappa statistic                          0.8454
Mean absolute error                      0.0834
Root mean squared error                  0.2487
Relative absolute error                 17.4562 %
Root relative squared error             50.8982 %
Total Number of Instances             4601     


=== Detailed Accuracy By Class ===

               TP Rate   FP Rate   Precision   Recall  F-Measure   ROC Area  Class
                 0.909     0.063      0.904     0.909     0.906      0.967    1
                 0.937     0.091      0.941     0.937     0.939      0.967    0
Weighted Avg.    0.926     0.08       0.926     0.926     0.926      0.967


=== Confusion Matrix ===

    a    b   <-- classified as
 1648  165 |    a = 1
  175 2613 |    b = 0

