q1-b-c 1

Time taken to build model: 8.63 seconds
Time taken to test model on training data: 0.32 seconds

=== Error on training data ===

Correctly Classified Instances        4293               93.3058 %
Incorrectly Classified Instances       308                6.6942 %
Kappa statistic                          0.8597
Mean absolute error                      0.0761
Root mean squared error                  0.2393
Relative absolute error                 15.9334 %
Root relative squared error             48.9768 %
Total Number of Instances             4601     


=== Detailed Accuracy By Class ===

               TP Rate   FP Rate   Precision   Recall  F-Measure   ROC Area  Class
                 0.913     0.054      0.917     0.913     0.915      0.968    1
                 0.946     0.087      0.943     0.946     0.945      0.968    0
Weighted Avg.    0.933     0.074      0.933     0.933     0.933      0.968


=== Confusion Matrix ===

    a    b   <-- classified as
 1655  158 |    a = 1
  150 2638 |    b = 0



=== Stratified cross-validation ===

Correctly Classified Instances        4251               92.393  %
Incorrectly Classified Instances       350                7.607  %
Kappa statistic                          0.8409
Mean absolute error                      0.0859
Root mean squared error                  0.2536
Relative absolute error                 17.9905 %
Root relative squared error             51.8892 %
Total Number of Instances             4601     


=== Detailed Accuracy By Class ===

               TP Rate   FP Rate   Precision   Recall  F-Measure   ROC Area  Class
                 0.906     0.065      0.901     0.906     0.904      0.965    1
                 0.935     0.094      0.939     0.935     0.937      0.965    0
Weighted Avg.    0.924     0.082      0.924     0.924     0.924      0.965


=== Confusion Matrix ===

    a    b   <-- classified as
 1643  170 |    a = 1
  180 2608 |    b = 0

