q1-b-d3 3

Time taken to build model: 6.9 seconds
Time taken to test model on training split: 0.25 seconds

=== Error on training split ===

Correctly Classified Instances        3221               93.3353 %
Incorrectly Classified Instances       230                6.6647 %
Kappa statistic                          0.8602
Mean absolute error                      0.0785
Root mean squared error                  0.2381
Relative absolute error                 16.4583 %
Root relative squared error             48.7476 %
Total Number of Instances             3451     


=== Detailed Accuracy By Class ===

               TP Rate   FP Rate   Precision   Recall  F-Measure   ROC Area  Class
                 0.913     0.053      0.917     0.913     0.915      0.968    1
                 0.947     0.087      0.944     0.947     0.945      0.968    0
Weighted Avg.    0.933     0.074      0.933     0.933     0.933      0.968


=== Confusion Matrix ===

    a    b   <-- classified as
 1238  118 |    a = 1
  112 1983 |    b = 0


=== Error on test split ===

Correctly Classified Instances        1065               92.6087 %
Incorrectly Classified Instances        85                7.3913 %
Kappa statistic                          0.8466
Mean absolute error                      0.0868
Root mean squared error                  0.2483
Relative absolute error                 18.1563 %
Root relative squared error             50.7364 %
Total Number of Instances             1150     


=== Detailed Accuracy By Class ===

               TP Rate   FP Rate   Precision   Recall  F-Measure   ROC Area  Class
                 0.926     0.074      0.892     0.926     0.909      0.967    1
                 0.926     0.074      0.95      0.926     0.938      0.967    0
Weighted Avg.    0.926     0.074      0.927     0.926     0.926      0.967


=== Confusion Matrix ===

   a   b   <-- classified as
 423  34 |   a = 1
  51 642 |   b = 0

