q1-b-c 3

Time taken to build model: 9.18 seconds
Time taken to test model on training data: 0.32 seconds

=== Error on training data ===

Correctly Classified Instances        4295               93.3493 %
Incorrectly Classified Instances       306                6.6507 %
Kappa statistic                          0.8602
Mean absolute error                      0.0784
Root mean squared error                  0.2421
Relative absolute error                 16.4233 %
Root relative squared error             49.5541 %
Total Number of Instances             4601     


=== Detailed Accuracy By Class ===

               TP Rate   FP Rate   Precision   Recall  F-Measure   ROC Area  Class
                 0.904     0.047      0.925     0.904     0.915      0.967    1
                 0.953     0.096      0.939     0.953     0.946      0.967    0
Weighted Avg.    0.933     0.077      0.933     0.933     0.933      0.967


=== Confusion Matrix ===

    a    b   <-- classified as
 1639  174 |    a = 1
  132 2656 |    b = 0



=== Stratified cross-validation ===

Correctly Classified Instances        4165               90.5238 %
Incorrectly Classified Instances       436                9.4762 %
Kappa statistic                          0.8024
Mean absolute error                      0.1038
Root mean squared error                  0.2849
Relative absolute error                 21.7349 %
Root relative squared error             58.3025 %
Total Number of Instances             4601     


=== Detailed Accuracy By Class ===

               TP Rate   FP Rate   Precision   Recall  F-Measure   ROC Area  Class
                 0.892     0.086      0.871     0.892     0.881      0.957    1
                 0.914     0.108      0.929     0.914     0.921      0.957    0
Weighted Avg.    0.905     0.099      0.906     0.905     0.905      0.957


=== Confusion Matrix ===

    a    b   <-- classified as
 1617  196 |    a = 1
  240 2548 |    b = 0

