q1-c-c 1

Time taken to build model: 1.9 seconds
Time taken to test model on training split: 0.1 seconds

=== Error on training split ===

Correctly Classified Instances        2794               91.9987 %
Incorrectly Classified Instances       243                8.0013 %
Kappa statistic                          0.8327
Mean absolute error                      0.1076
Root mean squared error                  0.2604
Relative absolute error                 22.527  %
Root relative squared error             53.2922 %
Total Number of Instances             3037     


=== Detailed Accuracy By Class ===

               TP Rate   FP Rate   Precision   Recall  F-Measure   ROC Area  Class
                 0.903     0.069      0.895     0.903     0.899      0.957    1
                 0.931     0.097      0.937     0.931     0.934      0.957    0
Weighted Avg.    0.92      0.086      0.92      0.92      0.92       0.957


=== Confusion Matrix ===

    a    b   <-- classified as
 1080  116 |    a = 1
  127 1714 |    b = 0


=== Error on test split ===

Correctly Classified Instances        1447               92.5192 %
Incorrectly Classified Instances       117                7.4808 %
Kappa statistic                          0.8434
Mean absolute error                      0.1036
Root mean squared error                  0.2497
Relative absolute error                 21.6836 %
Root relative squared error             51.0826 %
Total Number of Instances             1564     


=== Detailed Accuracy By Class ===

               TP Rate   FP Rate   Precision   Recall  F-Measure   ROC Area  Class
                 0.904     0.061      0.906     0.904     0.905      0.963    1
                 0.939     0.096      0.938     0.939     0.938      0.963    0
Weighted Avg.    0.925     0.082      0.925     0.925     0.925      0.963


=== Confusion Matrix ===

   a   b   <-- classified as
 558  59 |   a = 1
  58 889 |   b = 0

