q1-c-d 3

Time taken to build model: 2.96 seconds
Time taken to test model on training split: 0.1 seconds

=== Error on training split ===

Correctly Classified Instances        2743               90.3194 %
Incorrectly Classified Instances       294                9.6806 %
Kappa statistic                          0.7942
Mean absolute error                      0.1151
Root mean squared error                  0.2854
Relative absolute error                 24.1157 %
Root relative squared error             58.4215 %
Total Number of Instances             3037     


=== Detailed Accuracy By Class ===

               TP Rate   FP Rate   Precision   Recall  F-Measure   ROC Area  Class
                 0.834     0.052      0.912     0.834     0.872      0.951    1
                 0.948     0.166      0.898     0.948     0.922      0.951    0
Weighted Avg.    0.903     0.121      0.904     0.903     0.902      0.951


=== Confusion Matrix ===

    a    b   <-- classified as
  998  198 |    a = 1
   96 1745 |    b = 0


=== Error on test split ===

Correctly Classified Instances        1409               90.0895 %
Incorrectly Classified Instances       155                9.9105 %
Kappa statistic                          0.7888
Mean absolute error                      0.1148
Root mean squared error                  0.2814
Relative absolute error                 24.0376 %
Root relative squared error             57.5818 %
Total Number of Instances             1564     


=== Detailed Accuracy By Class ===

               TP Rate   FP Rate   Precision   Recall  F-Measure   ROC Area  Class
                 0.823     0.049      0.917     0.823     0.868      0.956    1
                 0.951     0.177      0.892     0.951     0.921      0.956    0
Weighted Avg.    0.901     0.126      0.902     0.901     0.9        0.956


=== Confusion Matrix ===

   a   b   <-- classified as
 508 109 |   a = 1
  46 901 |   b = 0

