q4-V10 2

Time taken to build model: 1.28 seconds
Time taken to test model on training split: 0.08 seconds

=== Error on training split ===

Correctly Classified Instances        2808               92.4597 %
Incorrectly Classified Instances       229                7.5403 %
Kappa statistic                          0.8407
Mean absolute error                      0.1334
Root mean squared error                  0.2496
Relative absolute error                 27.9394 %
Root relative squared error             51.0843 %
Total Number of Instances             3037     


=== Detailed Accuracy By Class ===

               TP Rate   FP Rate   Precision   Recall  F-Measure   ROC Area  Class
                 0.88      0.047      0.924     0.88      0.902      0.967    1
                 0.953     0.12       0.925     0.953     0.939      0.967    0
Weighted Avg.    0.925     0.091      0.925     0.925     0.924      0.967


=== Confusion Matrix ===

    a    b   <-- classified as
 1053  143 |    a = 1
   86 1755 |    b = 0


=== Error on test split ===

Correctly Classified Instances        1440               92.0716 %
Incorrectly Classified Instances       124                7.9284 %
Kappa statistic                          0.8328
Mean absolute error                      0.1366
Root mean squared error                  0.2498
Relative absolute error                 28.5991 %
Root relative squared error             51.1025 %
Total Number of Instances             1564     


=== Detailed Accuracy By Class ===

               TP Rate   FP Rate   Precision   Recall  F-Measure   ROC Area  Class
                 0.878     0.052      0.917     0.878     0.897      0.969    1
                 0.948     0.122      0.923     0.948     0.935      0.969    0
Weighted Avg.    0.921     0.094      0.921     0.921     0.92       0.969


=== Confusion Matrix ===

   a   b   <-- classified as
 542  75 |   a = 1
  49 898 |   b = 0

